<?xml version="1.0" encoding="UTF-8"?>
<!-- Generated by org.testng.reporters.JUnitReportReporter -->
<testsuite hostname="DESKTOP-OFLBUTC" failures="0" tests="1" name="Appium_Learn.Appium.MiscellaneuosAppium" time="18.490" errors="0" timestamp="2023-02-14T16:55:39 IST" skipped="0">
  <testcase classname="Appium_Learn.Appium.MiscellaneuosAppium" name="WifiSettings" time="18.490"/>
  <system-out/>
</testsuite> <!-- Appium_Learn.Appium.MiscellaneuosAppium -->
