<?xml version="1.0" encoding="UTF-8"?>
<!-- Generated by org.testng.reporters.JUnitReportReporter -->
<testsuite hostname="DESKTOP-OFLBUTC" failures="0" tests="1" name="Appium_Learn.Appium.AppiumBasics" time="30.002" errors="0" timestamp="2023-02-14T01:01:41 IST" skipped="0">
  <testcase classname="Appium_Learn.Appium.AppiumBasics" name="AppiumTest" time="30.002"/>
  <system-out/>
</testsuite> <!-- Appium_Learn.Appium.AppiumBasics -->
